<?xml version="1.0" encoding="UTF-8" ?>
<testsuite tests="4" failures="0" name="com.niit.EcommerceBackendSpring.UserTestCase" time="6.425" errors="0" skipped="3">
  <properties>
[...]
</properties>
  <testcase classname="com.niit.EcommerceBackendSpring.UserTestCase" name="updateUser" time="3.028">
    <skipped/>
    <system-err>Feb 25, 2019 3:16:25 PM org.springframework.context.annotation.AnnotationConfigApplicationContext prepareRefresh
INFO: Refreshing org.springframework.context.annotation.AnnotationConfigApplicationContext@16c0663d: startup date [Mon Feb 25 15:16:25 IST 2019]; root of context hierarchy
Feb 25, 2019 3:16:26 PM org.hibernate.annotations.common.reflection.java.JavaReflectionManager &lt;clinit&gt;
INFO: HCANN000001: Hibernate Commons Annotations {4.0.5.Final}
Feb 25, 2019 3:16:26 PM org.hibernate.Version logVersion
INFO: HHH000412: Hibernate Core {4.3.8.Final}
Feb 25, 2019 3:16:26 PM org.hibernate.cfg.Environment &lt;clinit&gt;
INFO: HHH000206: hibernate.properties not found
Feb 25, 2019 3:16:26 PM org.hibernate.cfg.Environment buildBytecodeProvider
INFO: HHH000021: Bytecode provider name : javassist
Feb 25, 2019 3:16:26 PM org.hibernate.dialect.Dialect &lt;init&gt;
INFO: HHH000400: Using dialect: org.hibernate.dialect.H2Dialect
Feb 25, 2019 3:16:26 PM org.hibernate.engine.transaction.internal.TransactionFactoryInitiator initiateService
INFO: HHH000399: Using default transaction strategy (direct JDBC transactions)
Feb 25, 2019 3:16:26 PM org.hibernate.hql.internal.ast.ASTQueryTranslatorFactory &lt;init&gt;
INFO: HHH000397: Using ASTQueryTranslatorFactory
Feb 25, 2019 3:16:26 PM org.hibernate.validator.internal.util.Version &lt;clinit&gt;
INFO: HV000001: Hibernate Validator 5.4.1.Final
Feb 25, 2019 3:16:27 PM org.hibernate.tool.hbm2ddl.SchemaUpdate execute
INFO: HHH000228: Running hbm2ddl schema update
Feb 25, 2019 3:16:27 PM org.hibernate.tool.hbm2ddl.SchemaUpdate execute
INFO: HHH000102: Fetching database metadata
Feb 25, 2019 3:16:27 PM org.hibernate.tool.hbm2ddl.SchemaUpdate execute
INFO: HHH000396: Updating schema
Feb 25, 2019 3:16:27 PM org.hibernate.tool.hbm2ddl.TableMetadata &lt;init&gt;
INFO: HHH000261: Table found: ECDB.PUBLIC.CART
Feb 25, 2019 3:16:27 PM org.hibernate.tool.hbm2ddl.TableMetadata &lt;init&gt;
INFO: HHH000037: Columns: [quantity, productid, price, cartid, id_userid, productname, paymentstatus, productprice, username]
Feb 25, 2019 3:16:27 PM org.hibernate.tool.hbm2ddl.TableMetadata &lt;init&gt;
INFO: HHH000108: Foreign keys: []
Feb 25, 2019 3:16:27 PM org.hibernate.tool.hbm2ddl.TableMetadata &lt;init&gt;
INFO: HHH000126: Indexes: [primary_key_4fb]
Feb 25, 2019 3:16:27 PM org.hibernate.tool.hbm2ddl.TableMetadata &lt;init&gt;
INFO: HHH000261: Table found: ECDB.PUBLIC.CATEGORY
Feb 25, 2019 3:16:27 PM org.hibernate.tool.hbm2ddl.TableMetadata &lt;init&gt;
INFO: HHH000037: Columns: [categorydesc, categoryname, category, categoryid]
Feb 25, 2019 3:16:27 PM org.hibernate.tool.hbm2ddl.TableMetadata &lt;init&gt;
INFO: HHH000108: Foreign keys: []
Feb 25, 2019 3:16:27 PM org.hibernate.tool.hbm2ddl.TableMetadata &lt;init&gt;
INFO: HHH000126: Indexes: [primary_key_f]
Feb 25, 2019 3:16:27 PM org.hibernate.tool.hbm2ddl.TableMetadata &lt;init&gt;
INFO: HHH000261: Table found: ECDB.PUBLIC.PRODUCT
Feb 25, 2019 3:16:27 PM org.hibernate.tool.hbm2ddl.TableMetadata &lt;init&gt;
INFO: HHH000037: Columns: [supplierid, productid, price, productname, stock, category, categoryid, productdesc]
Feb 25, 2019 3:16:27 PM org.hibernate.tool.hbm2ddl.TableMetadata &lt;init&gt;
INFO: HHH000108: Foreign keys: []
Feb 25, 2019 3:16:27 PM org.hibernate.tool.hbm2ddl.TableMetadata &lt;init&gt;
INFO: HHH000126: Indexes: [primary_key_18]
Feb 25, 2019 3:16:27 PM org.hibernate.tool.hbm2ddl.TableMetadata &lt;init&gt;
INFO: HHH000261: Table found: ECDB.PUBLIC.SUPPLIER
Feb 25, 2019 3:16:27 PM org.hibernate.tool.hbm2ddl.TableMetadata &lt;init&gt;
INFO: HHH000037: Columns: [supplieraddr, suppliername, supplierid]
Feb 25, 2019 3:16:27 PM org.hibernate.tool.hbm2ddl.TableMetadata &lt;init&gt;
INFO: HHH000108: Foreign keys: []
Feb 25, 2019 3:16:27 PM org.hibernate.tool.hbm2ddl.TableMetadata &lt;init&gt;
INFO: HHH000126: Indexes: [primary_key_c]
Feb 25, 2019 3:16:27 PM org.hibernate.tool.hbm2ddl.TableMetadata &lt;init&gt;
INFO: HHH000261: Table found: ECDB.PUBLIC.USER
Feb 25, 2019 3:16:27 PM org.hibernate.tool.hbm2ddl.TableMetadata &lt;init&gt;
INFO: HHH000037: Columns: [customeraddr, password, role, emailid, customername, userid, enabled, username]
Feb 25, 2019 3:16:27 PM org.hibernate.tool.hbm2ddl.TableMetadata &lt;init&gt;
INFO: HHH000108: Foreign keys: []
Feb 25, 2019 3:16:27 PM org.hibernate.tool.hbm2ddl.TableMetadata &lt;init&gt;
INFO: HHH000126: Indexes: [primary_key_c0]
Feb 25, 2019 3:16:27 PM org.hibernate.tool.hbm2ddl.SchemaUpdate execute
INFO: HHH000232: Schema update complete
Feb 25, 2019 3:16:27 PM org.springframework.orm.hibernate4.HibernateTransactionManager afterPropertiesSet
INFO: Using DataSource [org.apache.commons.dbcp2.BasicDataSource@6f03482] of Hibernate SessionFactory for HibernateTransactionManager
</system-err>
  </testcase>
  <testcase classname="com.niit.EcommerceBackendSpring.UserTestCase" name="listMethod" time="3.03">
    <skipped/>
  </testcase>
  <testcase classname="com.niit.EcommerceBackendSpring.UserTestCase" name="insertUser" time="0.183"/>
  <testcase classname="com.niit.EcommerceBackendSpring.UserTestCase" name="deleteUser" time="0.184">
    <skipped/>
  </testcase>
</testsuite>